2026-02-05T09:17:36: ⚠ "next start" does not work with "output: standalone" configuration. Use "node .next/standalone/server.js" instead.
2026-02-05T09:18:59: Error fetching courses: Error [PrismaClientKnownRequestError]: 
Invalid `prisma.course.findMany()` invocation:


Raw query failed. Code: `unknown`. Message: `Kind: Server selection timeout: No available servers. Topology: { Type: Unknown, Servers: [ { Address: localhost:27018, Type: Unknown, Error: Kind: I/O error: Connection refused (os error 111), labels: {} } ] }, labels: {}`
    at async y (.next/server/chunks/[root-of-the-server]__70bd3d75._.js:1:1537)
    at async c (.next/server/chunks/[root-of-the-server]__70bd3d75._.js:1:7887)
    at async l (.next/server/chunks/[root-of-the-server]__70bd3d75._.js:1:8928) {
  code: 'P2010',
  clientVersion: '5.22.0',
  meta: [Object]
}
2026-02-05T09:21:05: Error fetching courses: Error [PrismaClientKnownRequestError]: 
Invalid `prisma.course.findMany()` invocation:


Raw query failed. Code: `unknown`. Message: `Kind: Server selection timeout: No available servers. Topology: { Type: Unknown, Servers: [ { Address: localhost:27018, Type: Unknown, Error: Kind: I/O error: Connection refused (os error 111), labels: {} } ] }, labels: {}`
    at async y (.next/server/chunks/[root-of-the-server]__70bd3d75._.js:1:1537)
    at async c (.next/server/chunks/[root-of-the-server]__70bd3d75._.js:1:7887)
    at async l (.next/server/chunks/[root-of-the-server]__70bd3d75._.js:1:8928) {
  code: 'P2010',
  clientVersion: '5.22.0',
  meta: [Object]
}
2026-02-05T09:22:20: ⚠ "next start" does not work with "output: standalone" configuration. Use "node .next/standalone/server.js" instead.
2026-02-05T09:22:56: Error fetching courses: Error [PrismaClientKnownRequestError]: 
Invalid `prisma.course.findMany()` invocation:


Raw query failed. Code: `unknown`. Message: `Kind: Server selection timeout: No available servers. Topology: { Type: Unknown, Servers: [ { Address: localhost:27018, Type: Unknown, Error: Kind: I/O error: Connection refused (os error 111), labels: {} } ] }, labels: {}`
    at async y (.next/server/chunks/[root-of-the-server]__70bd3d75._.js:1:1537)
    at async c (.next/server/chunks/[root-of-the-server]__70bd3d75._.js:1:7887)
    at async l (.next/server/chunks/[root-of-the-server]__70bd3d75._.js:1:8928) {
  code: 'P2010',
  clientVersion: '5.22.0',
  meta: [Object]
}
2026-02-05T09:23:12: ⚠ "next start" does not work with "output: standalone" configuration. Use "node .next/standalone/server.js" instead.
2026-02-05T09:23:48: Error fetching courses: Error [PrismaClientKnownRequestError]: 
Invalid `prisma.course.findMany()` invocation:


Raw query failed. Code: `unknown`. Message: `Kind: Server selection timeout: No available servers. Topology: { Type: Unknown, Servers: [ { Address: localhost:27018, Type: Unknown, Error: Kind: I/O error: Connection refused (os error 111), labels: {} } ] }, labels: {}`
    at async y (.next/server/chunks/[root-of-the-server]__70bd3d75._.js:1:1537)
    at async c (.next/server/chunks/[root-of-the-server]__70bd3d75._.js:1:7887)
    at async l (.next/server/chunks/[root-of-the-server]__70bd3d75._.js:1:8928) {
  code: 'P2010',
  clientVersion: '5.22.0',
  meta: [Object]
}
2026-02-05T09:24:59: ⚠ "next start" does not work with "output: standalone" configuration. Use "node .next/standalone/server.js" instead.
2026-02-05T09:39:42: Category creation error: Error [PrismaClientKnownRequestError]: 
Invalid `prisma.category.upsert()` invocation:


Prisma needs to perform transactions, which requires your MongoDB server to be run as a replica set. https://pris.ly/d/mongodb-replica-set
    at async E (.next/server/chunks/[root-of-the-server]__70bd3d75._.js:1:3011)
    at async c (.next/server/chunks/[root-of-the-server]__70bd3d75._.js:1:7887)
    at async l (.next/server/chunks/[root-of-the-server]__70bd3d75._.js:1:8928) {
  code: 'P2031',
  clientVersion: '5.22.0',
  meta: [Object]
}
2026-02-05T09:39:42: Instructor creation error: Error [PrismaClientKnownRequestError]: 
Invalid `prisma.user.upsert()` invocation:


Prisma needs to perform transactions, which requires your MongoDB server to be run as a replica set. https://pris.ly/d/mongodb-replica-set
    at async E (.next/server/chunks/[root-of-the-server]__70bd3d75._.js:1:3453)
    at async c (.next/server/chunks/[root-of-the-server]__70bd3d75._.js:1:7887)
    at async l (.next/server/chunks/[root-of-the-server]__70bd3d75._.js:1:8928) {
  code: 'P2031',
  clientVersion: '5.22.0',
  meta: [Object]
}
2026-02-05T09:39:42: Error creating course: Error: Failed to create instructor: 
Invalid `prisma.user.upsert()` invocation:


Prisma needs to perform transactions, which requires your MongoDB server to be run as a replica set. https://pris.ly/d/mongodb-replica-set
    at E (.next/server/chunks/[root-of-the-server]__70bd3d75._.js:1:3719)
    at async c (.next/server/chunks/[root-of-the-server]__70bd3d75._.js:1:7887)
    at async l (.next/server/chunks/[root-of-the-server]__70bd3d75._.js:1:8928)
    at async Module.S (.next/server/chunks/[root-of-the-server]__70bd3d75._.js:1:10006)
2026-02-05T09:42:36: ⚠ "next start" does not work with "output: standalone" configuration. Use "node .next/standalone/server.js" instead.
2026-02-05T09:46:55: ⚠ "next start" does not work with "output: standalone" configuration. Use "node .next/standalone/server.js" instead.
2026-02-05T09:48:00: ⚠ "next start" does not work with "output: standalone" configuration. Use "node .next/standalone/server.js" instead.
2026-02-05T18:49:58: Error: Failed to find Server Action "x". This request might be from an older or newer deployment.
Read more: https://nextjs.org/docs/messages/failed-to-find-server-action
    at ignore-listed frames
2026-02-06T03:00:09: Error: Failed to find Server Action "x". This request might be from an older or newer deployment.
Read more: https://nextjs.org/docs/messages/failed-to-find-server-action
    at ignore-listed frames
